<html>
<body>
<pre>
<h1>Vision Build Log</h1>
<h2>Project:</h2>
E:\STM32设计\BC28资料\BC26单模块资料\资料包\08_STM32代码\03_BC26对接电信云平台发（模拟）温湿度LWM2M\USER\Test.uvproj
Project File Date:  07/02/2018

<h2>Output:</h2>
Clean started: Project: 'Test'
   deleting intermediate output files for target 'Target 1'
Build target 'Target 1'
compiling main.c...
main.c(11): error:  #5: cannot open source input file "timer.h": No such file or directory
compiling stm32f10x_it.c...
compiling system_stm32f10x.c...
compiling misc.c...
compiling stm32f10x_adc.c...
compiling stm32f10x_bkp.c...
compiling stm32f10x_can.c...
compiling stm32f10x_cec.c...
compiling stm32f10x_crc.c...
compiling stm32f10x_dac.c...
compiling stm32f10x_dbgmcu.c...
compiling stm32f10x_dma.c...
compiling stm32f10x_exti.c...
compiling stm32f10x_flash.c...
compiling stm32f10x_fsmc.c...
compiling stm32f10x_gpio.c...
compiling stm32f10x_i2c.c...
compiling stm32f10x_iwdg.c...
compiling stm32f10x_pwr.c...
compiling stm32f10x_rcc.c...
compiling stm32f10x_rtc.c...
compiling stm32f10x_sdio.c...
compiling stm32f10x_spi.c...
compiling stm32f10x_tim.c...
compiling stm32f10x_usart.c...
compiling stm32f10x_wwdg.c...
compiling core_cm3.c...
assembling startup_stm32f10x_md.s...
compiling led.c...
..\HARDWARE\LED\led.c(37): warning:  #1-D: last line of file ends without a newline
compiling wdg.c...
compiling BC26.c...
..\HARDWARE\BC26\BC26.c(182): warning:  #167-D: argument of type "unsigned char *" is incompatible with parameter of type "char *"
compiling dht11.c...
..\HARDWARE\DHT11\dht11.c(19): warning:  #61-D: integer operation result is out of range
..\HARDWARE\DHT11\dht11.c(19): warning:  #68-D: integer conversion resulted in a change of sign
compiling delay.c...
compiling sys.c...
compiling usart.c...
..\SYSTEM\usart\usart.c(210): warning:  #550-D: variable "Res" was set but never used
..\SYSTEM\usart\usart.c(224): warning:  #550-D: variable "Res" was set but never used
".\Test.axf" - 1 Errors, 6 Warning(s).
Target not created
Build target 'Target 1'
compiling main.c...
main.c(47): error:  #20: identifier "LED" is undefined
main.c(65): warning:  #223-D: function "LED_Init" declared implicitly
main.c(61): warning:  #550-D: variable "temp" was set but never used
main.c(61): warning:  #550-D: variable "humi" was set but never used
main.c(62): warning:  #177-D: variable "sendata" was declared but never referenced
compiling led.c...
..\HARDWARE\LED\led.c(14): warning:  #1-D: last line of file ends without a newline
compiling BC26.c...
..\HARDWARE\BC26\BC26.c(178): warning:  #167-D: argument of type "unsigned char *" is incompatible with parameter of type "char *"
".\Test.axf" - 1 Errors, 6 Warning(s).
Target not created
Build target 'Target 1'
compiling main.c...
main.c(47): error:  #20: identifier "LED" is undefined
main.c(61): warning:  #550-D: variable "temp" was set but never used
main.c(61): warning:  #550-D: variable "humi" was set but never used
main.c(62): warning:  #177-D: variable "sendata" was declared but never referenced
".\Test.axf" - 1 Errors, 3 Warning(s).
Target not created
Build target 'Target 1'
compiling main.c...
main.c(60): warning:  #550-D: variable "temp" was set but never used
main.c(60): warning:  #550-D: variable "humi" was set but never used
main.c(61): warning:  #177-D: variable "sendata" was declared but never referenced
linking...
Program Size: Code=8776 RO-data=268 RW-data=68 ZI-data=2108  
FromELF: creating hex file...
".\Test.axf" - 0 Errors, 3 Warning(s).
Build target 'Target 1'
compiling main.c...
main.c(76): error:  #20: identifier "temp" is undefined
main.c(77): error:  #20: identifier "humi" is undefined
main.c(61): warning:  #177-D: variable "sendata" was declared but never referenced
".\Test.axf" - 2 Errors, 1 Warning(s).
Target not created
Build target 'Target 1'
compiling main.c...
main.c(61): warning:  #177-D: variable "sendata" was declared but never referenced
linking...
Program Size: Code=8772 RO-data=268 RW-data=68 ZI-data=2108  
FromELF: creating hex file...
".\Test.axf" - 0 Errors, 1 Warning(s).
Build target 'Target 1'
compiling main.c...
linking...
Program Size: Code=8640 RO-data=268 RW-data=68 ZI-data=2108  
FromELF: creating hex file...
".\Test.axf" - 0 Errors, 0 Warning(s).
Build target 'Target 1'
linking...
Program Size: Code=8640 RO-data=268 RW-data=68 ZI-data=2108  
FromELF: creating hex file...
".\Test.axf" - 0 Errors, 0 Warning(s).
